\BOOKMARK [0][-]{chapter.1}{\376\377\000D\000e\000s\000c\000r\000i\000p\000t\000i\000o\000n\000\040\000d\000u\000\040\000p\000r\000o\000j\000e\000t}{}% 1
\BOOKMARK [1][-]{section.1.1}{\376\377\000G\000e\000o\000G\000e\000b\000r\000a\000\040\000e\000t\000\040\000M\000o\000o\000d\000l\000e\000\040\000?}{chapter.1}% 2
\BOOKMARK [1][-]{section.1.2}{\376\377\000R\000e\000s\000s\000o\000u\000r\000c\000e\000s\000\040\000e\000n\000\040\000l\000i\000g\000n\000e\000s}{chapter.1}% 3
\BOOKMARK [1][-]{section.1.3}{\376\377\000\300\000\040\000p\000r\000o\000p\000o\000s\000\040\000d\000e\000\040\000c\000e\000t\000t\000e\000\040\000d\000o\000c\000u\000m\000e\000n\000t\000a\000t\000i\000o\000n}{chapter.1}% 4
\BOOKMARK [0][-]{chapter.2}{\376\377\000P\000r\000o\000b\000a\000b\000i\000l\000i\000t\000\351\000s\000\040\000e\000t\000\040\000s\000t\000a\000t\000i\000s\000t\000i\000q\000u\000e\000s}{}% 5
\BOOKMARK [1][-]{section.2.1}{\376\377\000M\000\351\000d\000i\000a\000n\000e}{chapter.2}% 6
\BOOKMARK [1][-]{section.2.2}{\376\377\000F\000r\000\351\000q\000u\000e\000n\000c\000e\000s}{chapter.2}% 7
\BOOKMARK [1][-]{section.2.3}{\376\377\000T\000i\000r\000a\000g\000e\000s\000\040\000a\000l\000\351\000a\000t\000o\000i\000r\000e\000s}{chapter.2}% 8
\BOOKMARK [0][-]{chapter.3}{\376\377\000A\000n\000a\000l\000y\000s\000e\000\040\000e\000t\000\040\000A\000l\000g\000\350\000b\000r\000e}{}% 9
\BOOKMARK [1][-]{section.3.1}{\376\377\000P\000r\000o\000p\000o\000r\000t\000i\000o\000n\000n\000a\000l\000i\000t\000\351}{chapter.3}% 10
\BOOKMARK [1][-]{section.3.2}{\376\377\000P\000o\000u\000r\000c\000e\000n\000t\000a\000g\000e\000s}{chapter.3}% 11
\BOOKMARK [1][-]{section.3.3}{\376\377\000\311\000q\000u\000a\000t\000i\000o\000n\000\040\000d\000u\000\040\000p\000r\000e\000m\000i\000e\000r\000\040\000d\000e\000g\000r\000\351}{chapter.3}% 12
\BOOKMARK [1][-]{section.3.4}{\376\377\000F\000o\000n\000c\000t\000i\000o\000n\000s}{chapter.3}% 13
\BOOKMARK [0][-]{chapter.4}{\376\377\000G\000\351\000o\000m\000\351\000t\000r\000i\000e}{}% 14
\BOOKMARK [1][-]{section.4.1}{\376\377\000P\000y\000t\000h\000a\000g\000o\000r\000e}{chapter.4}% 15
\BOOKMARK [1][-]{section.4.2}{\376\377\000T\000h\000a\000l\000\350\000s}{chapter.4}% 16
\BOOKMARK [1][-]{section.4.3}{\376\377\000V\000e\000c\000t\000e\000u\000r\000s}{chapter.4}% 17
\BOOKMARK [0][-]{chapter.5}{\376\377\000S\000c\000i\000e\000n\000c\000e\000s}{}% 18
\BOOKMARK [1][-]{section.5.1}{\376\377\000M\000\351\000c\000a\000n\000i\000q\000u\000e}{chapter.5}% 19
\BOOKMARK [1][-]{section.5.2}{\376\377\000\311\000n\000e\000r\000g\000\351\000t\000i\000q\000u\000e}{chapter.5}% 20
